2017-12-26 22:30:35.899  INFO 5984 --- [main] s.InternetVisitingCardApplication        : Starting InternetVisitingCardApplication on Misha-PC with PID 5984 (D:\Job\Projects\InternetVisitingCard\target\classes started by Misha in D:\Job\Projects\InternetVisitingCard)
2017-12-26 22:30:35.975  INFO 5984 --- [main] s.InternetVisitingCardApplication        : No active profile set, falling back to default profiles: default
2017-12-26 22:30:36.662  INFO 5984 --- [main] ationConfigEmbeddedWebApplicationContext : Refreshing org.springframework.boot.context.embedded.AnnotationConfigEmbeddedWebApplicationContext@d0fbae: startup date [Tue Dec 26 22:30:36 EET 2017]; root of context hierarchy
2017-12-26 22:31:10.860  INFO 5984 --- [main] s.b.c.e.t.TomcatEmbeddedServletContainer : Tomcat initialized with port(s): 8080 (http)
2017-12-26 22:31:11.220  INFO 5984 --- [main] o.apache.catalina.core.StandardService   : Starting service [Tomcat]
2017-12-26 22:31:11.295  INFO 5984 --- [main] org.apache.catalina.core.StandardEngine  : Starting Servlet Engine: Apache Tomcat/8.5.16
2017-12-26 22:31:19.107  INFO 5984 --- [localhost-startStop-1] org.apache.jasper.servlet.TldScanner     : At least one JAR was scanned for TLDs yet contained no TLDs. Enable debug logging for this logger for a complete list of JARs that were scanned but no TLDs were found in them. Skipping unneeded JARs during scanning can improve startup time and JSP compilation time.
2017-12-26 22:31:19.209  INFO 5984 --- [localhost-startStop-1] o.a.c.c.C.[Tomcat].[localhost].[/]       : Initializing Spring embedded WebApplicationContext
2017-12-26 22:31:19.214  INFO 5984 --- [localhost-startStop-1] o.s.web.context.ContextLoader            : Root WebApplicationContext: initialization completed in 42588 ms
2017-12-26 22:31:21.007  INFO 5984 --- [localhost-startStop-1] o.s.b.w.servlet.FilterRegistrationBean   : Mapping filter: 'characterEncodingFilter' to: [/*]
2017-12-26 22:31:21.031  INFO 5984 --- [localhost-startStop-1] .s.DelegatingFilterProxyRegistrationBean : Mapping filter: 'springSecurityFilterChain' to: [/*]
2017-12-26 22:31:21.032  INFO 5984 --- [localhost-startStop-1] o.s.b.w.servlet.ServletRegistrationBean  : Mapping servlet: 'dispatcherServlet' to [/]
2017-12-26 22:31:24.225  INFO 5984 --- [main] o.s.j.d.DriverManagerDataSource          : Loaded JDBC driver: com.mysql.jdbc.Driver
2017-12-26 22:31:31.219  INFO 5984 --- [main] o.s.jdbc.datasource.init.ScriptUtils     : Executing SQL script from URL [file:/D:/Job/Projects/InternetVisitingCard/target/classes/schema.sql]
2017-12-26 22:31:31.636  WARN 5984 --- [main] ationConfigEmbeddedWebApplicationContext : Exception encountered during context initialization - cancelling refresh attempt: org.springframework.beans.factory.UnsatisfiedDependencyException: Error creating bean with name 'appController': Unsatisfied dependency expressed through field 'userService'; nested exception is org.springframework.beans.factory.UnsatisfiedDependencyException: Error creating bean with name 'userService': Unsatisfied dependency expressed through field 'dao'; nested exception is org.springframework.beans.factory.UnsatisfiedDependencyException: Error creating bean with name 'userDao': Unsatisfied dependency expressed through field 'sessionFactory'; nested exception is org.springframework.beans.factory.BeanCreationException: Error creating bean with name 'sessionFactory' defined in class path resource [strilets/configuration/HibernateConfiguration.class]: Bean instantiation via factory method failed; nested exception is org.springframework.beans.BeanInstantiationException: Failed to instantiate [org.springframework.orm.hibernate5.LocalSessionFactoryBean]: Factory method 'sessionFactory' threw exception; nested exception is org.springframework.beans.factory.BeanCreationException: Error creating bean with name 'dataSource' defined in class path resource [strilets/configuration/HibernateConfiguration.class]: Initialization of bean failed; nested exception is org.springframework.beans.factory.BeanCreationException: Error creating bean with name 'dataSourceInitializer': Invocation of init method failed; nested exception is org.springframework.jdbc.datasource.init.ScriptStatementFailedException: Failed to execute SQL script statement #1 of URL [file:/D:/Job/Projects/InternetVisitingCard/target/classes/schema.sql]: CREATE TABLE IF NOT EXISTS user ( id BIGINT NOT NULL AUTO_INCREMENT PRIMARY KEY, login VARCHAR(30) NOT NULL UNIQUE, password VARCHAR(100) NOT NULL, name VARCHAR(30), description TEXT, people VARCHAR(50), address VARCHAR(50), email VARCHAR(50), phone VARCHAR(50), facebook VARCHAR(30), twitter VARCHAR(30), instagram VARCHAR(30), role VARCHAR(5) NOT NULL, image longblob, name_image VARCHAR(15), type VARCHAR(15); nested exception is com.mysql.jdbc.exceptions.jdbc4.MySQLSyntaxErrorException: You have an error in your SQL syntax; check the manual that corresponds to your MySQL server version for the right syntax to use near '' at line 1
2017-12-26 22:31:31.654  INFO 5984 --- [main] o.apache.catalina.core.StandardService   : Stopping service [Tomcat]
2017-12-26 22:31:32.152  INFO 5984 --- [main] utoConfigurationReportLoggingInitializer : 

Error starting ApplicationContext. To display the auto-configuration report re-run your application with 'debug' enabled.
2017-12-26 22:31:32.304 ERROR 5984 --- [main] o.s.boot.SpringApplication               : Application startup failed

org.springframework.beans.factory.UnsatisfiedDependencyException: Error creating bean with name 'appController': Unsatisfied dependency expressed through field 'userService'; nested exception is org.springframework.beans.factory.UnsatisfiedDependencyException: Error creating bean with name 'userService': Unsatisfied dependency expressed through field 'dao'; nested exception is org.springframework.beans.factory.UnsatisfiedDependencyException: Error creating bean with name 'userDao': Unsatisfied dependency expressed through field 'sessionFactory'; nested exception is org.springframework.beans.factory.BeanCreationException: Error creating bean with name 'sessionFactory' defined in class path resource [strilets/configuration/HibernateConfiguration.class]: Bean instantiation via factory method failed; nested exception is org.springframework.beans.BeanInstantiationException: Failed to instantiate [org.springframework.orm.hibernate5.LocalSessionFactoryBean]: Factory method 'sessionFactory' threw exception; nested exception is org.springframework.beans.factory.BeanCreationException: Error creating bean with name 'dataSource' defined in class path resource [strilets/configuration/HibernateConfiguration.class]: Initialization of bean failed; nested exception is org.springframework.beans.factory.BeanCreationException: Error creating bean with name 'dataSourceInitializer': Invocation of init method failed; nested exception is org.springframework.jdbc.datasource.init.ScriptStatementFailedException: Failed to execute SQL script statement #1 of URL [file:/D:/Job/Projects/InternetVisitingCard/target/classes/schema.sql]: CREATE TABLE IF NOT EXISTS user ( id BIGINT NOT NULL AUTO_INCREMENT PRIMARY KEY, login VARCHAR(30) NOT NULL UNIQUE, password VARCHAR(100) NOT NULL, name VARCHAR(30), description TEXT, people VARCHAR(50), address VARCHAR(50), email VARCHAR(50), phone VARCHAR(50), facebook VARCHAR(30), twitter VARCHAR(30), instagram VARCHAR(30), role VARCHAR(5) NOT NULL, image longblob, name_image VARCHAR(15), type VARCHAR(15); nested exception is com.mysql.jdbc.exceptions.jdbc4.MySQLSyntaxErrorException: You have an error in your SQL syntax; check the manual that corresponds to your MySQL server version for the right syntax to use near '' at line 1
	at org.springframework.beans.factory.annotation.AutowiredAnnotationBeanPostProcessor$AutowiredFieldElement.inject(AutowiredAnnotationBeanPostProcessor.java:588) ~[spring-beans-4.3.10.RELEASE.jar:4.3.10.RELEASE]
	at org.springframework.beans.factory.annotation.InjectionMetadata.inject(InjectionMetadata.java:88) ~[spring-beans-4.3.10.RELEASE.jar:4.3.10.RELEASE]
	at org.springframework.beans.factory.annotation.AutowiredAnnotationBeanPostProcessor.postProcessPropertyValues(AutowiredAnnotationBeanPostProcessor.java:366) ~[spring-beans-4.3.10.RELEASE.jar:4.3.10.RELEASE]
	at org.springframework.beans.factory.support.AbstractAutowireCapableBeanFactory.populateBean(AbstractAutowireCapableBeanFactory.java:1264) ~[spring-beans-4.3.10.RELEASE.jar:4.3.10.RELEASE]
	at org.springframework.beans.factory.support.AbstractAutowireCapableBeanFactory.doCreateBean(AbstractAutowireCapableBeanFactory.java:553) ~[spring-beans-4.3.10.RELEASE.jar:4.3.10.RELEASE]
	at org.springframework.beans.factory.support.AbstractAutowireCapableBeanFactory.createBean(AbstractAutowireCapableBeanFactory.java:483) ~[spring-beans-4.3.10.RELEASE.jar:4.3.10.RELEASE]
	at org.springframework.beans.factory.support.AbstractBeanFactory$1.getObject(AbstractBeanFactory.java:306) ~[spring-beans-4.3.10.RELEASE.jar:4.3.10.RELEASE]
	at org.springframework.beans.factory.support.DefaultSingletonBeanRegistry.getSingleton(DefaultSingletonBeanRegistry.java:230) ~[spring-beans-4.3.10.RELEASE.jar:4.3.10.RELEASE]
	at org.springframework.beans.factory.support.AbstractBeanFactory.doGetBean(AbstractBeanFactory.java:302) ~[spring-beans-4.3.10.RELEASE.jar:4.3.10.RELEASE]
	at org.springframework.beans.factory.support.AbstractBeanFactory.getBean(AbstractBeanFactory.java:197) ~[spring-beans-4.3.10.RELEASE.jar:4.3.10.RELEASE]
	at org.springframework.beans.factory.support.DefaultListableBeanFactory.preInstantiateSingletons(DefaultListableBeanFactory.java:761) ~[spring-beans-4.3.10.RELEASE.jar:4.3.10.RELEASE]
	at org.springframework.context.support.AbstractApplicationContext.finishBeanFactoryInitialization(AbstractApplicationContext.java:867) ~[spring-context-4.3.10.RELEASE.jar:4.3.10.RELEASE]
	at org.springframework.context.support.AbstractApplicationContext.refresh(AbstractApplicationContext.java:543) ~[spring-context-4.3.10.RELEASE.jar:4.3.10.RELEASE]
	at org.springframework.boot.context.embedded.EmbeddedWebApplicationContext.refresh(EmbeddedWebApplicationContext.java:122) ~[spring-boot-1.5.6.RELEASE.jar:1.5.6.RELEASE]
	at org.springframework.boot.SpringApplication.refresh(SpringApplication.java:693) [spring-boot-1.5.6.RELEASE.jar:1.5.6.RELEASE]
	at org.springframework.boot.SpringApplication.refreshContext(SpringApplication.java:360) [spring-boot-1.5.6.RELEASE.jar:1.5.6.RELEASE]
	at org.springframework.boot.SpringApplication.run(SpringApplication.java:303) [spring-boot-1.5.6.RELEASE.jar:1.5.6.RELEASE]
	at org.springframework.boot.SpringApplication.run(SpringApplication.java:1118) [spring-boot-1.5.6.RELEASE.jar:1.5.6.RELEASE]
	at org.springframework.boot.SpringApplication.run(SpringApplication.java:1107) [spring-boot-1.5.6.RELEASE.jar:1.5.6.RELEASE]
	at strilets.InternetVisitingCardApplication.main(InternetVisitingCardApplication.java:17) [classes/:na]
Caused by: org.springframework.beans.factory.UnsatisfiedDependencyException: Error creating bean with name 'userService': Unsatisfied dependency expressed through field 'dao'; nested exception is org.springframework.beans.factory.UnsatisfiedDependencyException: Error creating bean with name 'userDao': Unsatisfied dependency expressed through field 'sessionFactory'; nested exception is org.springframework.beans.factory.BeanCreationException: Error creating bean with name 'sessionFactory' defined in class path resource [strilets/configuration/HibernateConfiguration.class]: Bean instantiation via factory method failed; nested exception is org.springframework.beans.BeanInstantiationException: Failed to instantiate [org.springframework.orm.hibernate5.LocalSessionFactoryBean]: Factory method 'sessionFactory' threw exception; nested exception is org.springframework.beans.factory.BeanCreationException: Error creating bean with name 'dataSource' defined in class path resource [strilets/configuration/HibernateConfiguration.class]: Initialization of bean failed; nested exception is org.springframework.beans.factory.BeanCreationException: Error creating bean with name 'dataSourceInitializer': Invocation of init method failed; nested exception is org.springframework.jdbc.datasource.init.ScriptStatementFailedException: Failed to execute SQL script statement #1 of URL [file:/D:/Job/Projects/InternetVisitingCard/target/classes/schema.sql]: CREATE TABLE IF NOT EXISTS user ( id BIGINT NOT NULL AUTO_INCREMENT PRIMARY KEY, login VARCHAR(30) NOT NULL UNIQUE, password VARCHAR(100) NOT NULL, name VARCHAR(30), description TEXT, people VARCHAR(50), address VARCHAR(50), email VARCHAR(50), phone VARCHAR(50), facebook VARCHAR(30), twitter VARCHAR(30), instagram VARCHAR(30), role VARCHAR(5) NOT NULL, image longblob, name_image VARCHAR(15), type VARCHAR(15); nested exception is com.mysql.jdbc.exceptions.jdbc4.MySQLSyntaxErrorException: You have an error in your SQL syntax; check the manual that corresponds to your MySQL server version for the right syntax to use near '' at line 1
	at org.springframework.beans.factory.annotation.AutowiredAnnotationBeanPostProcessor$AutowiredFieldElement.inject(AutowiredAnnotationBeanPostProcessor.java:588) ~[spring-beans-4.3.10.RELEASE.jar:4.3.10.RELEASE]
	at org.springframework.beans.factory.annotation.InjectionMetadata.inject(InjectionMetadata.java:88) ~[spring-beans-4.3.10.RELEASE.jar:4.3.10.RELEASE]
	at org.springframework.beans.factory.annotation.AutowiredAnnotationBeanPostProcessor.postProcessPropertyValues(AutowiredAnnotationBeanPostProcessor.java:366) ~[spring-beans-4.3.10.RELEASE.jar:4.3.10.RELEASE]
	at org.springframework.beans.factory.support.AbstractAutowireCapableBeanFactory.populateBean(AbstractAutowireCapableBeanFactory.java:1264) ~[spring-beans-4.3.10.RELEASE.jar:4.3.10.RELEASE]
	at org.springframework.beans.factory.support.AbstractAutowireCapableBeanFactory.doCreateBean(AbstractAutowireCapableBeanFactory.java:553) ~[spring-beans-4.3.10.RELEASE.jar:4.3.10.RELEASE]
	at org.springframework.beans.factory.support.AbstractAutowireCapableBeanFactory.createBean(AbstractAutowireCapableBeanFactory.java:483) ~[spring-beans-4.3.10.RELEASE.jar:4.3.10.RELEASE]
	at org.springframework.beans.factory.support.AbstractBeanFactory$1.getObject(AbstractBeanFactory.java:306) ~[spring-beans-4.3.10.RELEASE.jar:4.3.10.RELEASE]
	at org.springframework.beans.factory.support.DefaultSingletonBeanRegistry.getSingleton(DefaultSingletonBeanRegistry.java:230) ~[spring-beans-4.3.10.RELEASE.jar:4.3.10.RELEASE]
	at org.springframework.beans.factory.support.AbstractBeanFactory.doGetBean(AbstractBeanFactory.java:302) ~[spring-beans-4.3.10.RELEASE.jar:4.3.10.RELEASE]
	at org.springframework.beans.factory.support.AbstractBeanFactory.getBean(AbstractBeanFactory.java:202) ~[spring-beans-4.3.10.RELEASE.jar:4.3.10.RELEASE]
	at org.springframework.beans.factory.config.DependencyDescriptor.resolveCandidate(DependencyDescriptor.java:208) ~[spring-beans-4.3.10.RELEASE.jar:4.3.10.RELEASE]
	at org.springframework.beans.factory.support.DefaultListableBeanFactory.doResolveDependency(DefaultListableBeanFactory.java:1138) ~[spring-beans-4.3.10.RELEASE.jar:4.3.10.RELEASE]
	at org.springframework.beans.factory.support.DefaultListableBeanFactory.resolveDependency(DefaultListableBeanFactory.java:1066) ~[spring-beans-4.3.10.RELEASE.jar:4.3.10.RELEASE]
	at org.springframework.beans.factory.annotation.AutowiredAnnotationBeanPostProcessor$AutowiredFieldElement.inject(AutowiredAnnotationBeanPostProcessor.java:585) ~[spring-beans-4.3.10.RELEASE.jar:4.3.10.RELEASE]
	... 19 common frames omitted
Caused by: org.springframework.beans.factory.UnsatisfiedDependencyException: Error creating bean with name 'userDao': Unsatisfied dependency expressed through field 'sessionFactory'; nested exception is org.springframework.beans.factory.BeanCreationException: Error creating bean with name 'sessionFactory' defined in class path resource [strilets/configuration/HibernateConfiguration.class]: Bean instantiation via factory method failed; nested exception is org.springframework.beans.BeanInstantiationException: Failed to instantiate [org.springframework.orm.hibernate5.LocalSessionFactoryBean]: Factory method 'sessionFactory' threw exception; nested exception is org.springframework.beans.factory.BeanCreationException: Error creating bean with name 'dataSource' defined in class path resource [strilets/configuration/HibernateConfiguration.class]: Initialization of bean failed; nested exception is org.springframework.beans.factory.BeanCreationException: Error creating bean with name 'dataSourceInitializer': Invocation of init method failed; nested exception is org.springframework.jdbc.datasource.init.ScriptStatementFailedException: Failed to execute SQL script statement #1 of URL [file:/D:/Job/Projects/InternetVisitingCard/target/classes/schema.sql]: CREATE TABLE IF NOT EXISTS user ( id BIGINT NOT NULL AUTO_INCREMENT PRIMARY KEY, login VARCHAR(30) NOT NULL UNIQUE, password VARCHAR(100) NOT NULL, name VARCHAR(30), description TEXT, people VARCHAR(50), address VARCHAR(50), email VARCHAR(50), phone VARCHAR(50), facebook VARCHAR(30), twitter VARCHAR(30), instagram VARCHAR(30), role VARCHAR(5) NOT NULL, image longblob, name_image VARCHAR(15), type VARCHAR(15); nested exception is com.mysql.jdbc.exceptions.jdbc4.MySQLSyntaxErrorException: You have an error in your SQL syntax; check the manual that corresponds to your MySQL server version for the right syntax to use near '' at line 1
	at org.springframework.beans.factory.annotation.AutowiredAnnotationBeanPostProcessor$AutowiredFieldElement.inject(AutowiredAnnotationBeanPostProcessor.java:588) ~[spring-beans-4.3.10.RELEASE.jar:4.3.10.RELEASE]
	at org.springframework.beans.factory.annotation.InjectionMetadata.inject(InjectionMetadata.java:88) ~[spring-beans-4.3.10.RELEASE.jar:4.3.10.RELEASE]
	at org.springframework.beans.factory.annotation.AutowiredAnnotationBeanPostProcessor.postProcessPropertyValues(AutowiredAnnotationBeanPostProcessor.java:366) ~[spring-beans-4.3.10.RELEASE.jar:4.3.10.RELEASE]
	at org.springframework.beans.factory.support.AbstractAutowireCapableBeanFactory.populateBean(AbstractAutowireCapableBeanFactory.java:1264) ~[spring-beans-4.3.10.RELEASE.jar:4.3.10.RELEASE]
	at org.springframework.beans.factory.support.AbstractAutowireCapableBeanFactory.doCreateBean(AbstractAutowireCapableBeanFactory.java:553) ~[spring-beans-4.3.10.RELEASE.jar:4.3.10.RELEASE]
	at org.springframework.beans.factory.support.AbstractAutowireCapableBeanFactory.createBean(AbstractAutowireCapableBeanFactory.java:483) ~[spring-beans-4.3.10.RELEASE.jar:4.3.10.RELEASE]
	at org.springframework.beans.factory.support.AbstractBeanFactory$1.getObject(AbstractBeanFactory.java:306) ~[spring-beans-4.3.10.RELEASE.jar:4.3.10.RELEASE]
	at org.springframework.beans.factory.support.DefaultSingletonBeanRegistry.getSingleton(DefaultSingletonBeanRegistry.java:230) ~[spring-beans-4.3.10.RELEASE.jar:4.3.10.RELEASE]
	at org.springframework.beans.factory.support.AbstractBeanFactory.doGetBean(AbstractBeanFactory.java:302) ~[spring-beans-4.3.10.RELEASE.jar:4.3.10.RELEASE]
	at org.springframework.beans.factory.support.AbstractBeanFactory.getBean(AbstractBeanFactory.java:202) ~[spring-beans-4.3.10.RELEASE.jar:4.3.10.RELEASE]
	at org.springframework.beans.factory.config.DependencyDescriptor.resolveCandidate(DependencyDescriptor.java:208) ~[spring-beans-4.3.10.RELEASE.jar:4.3.10.RELEASE]
	at org.springframework.beans.factory.support.DefaultListableBeanFactory.doResolveDependency(DefaultListableBeanFactory.java:1138) ~[spring-beans-4.3.10.RELEASE.jar:4.3.10.RELEASE]
	at org.springframework.beans.factory.support.DefaultListableBeanFactory.resolveDependency(DefaultListableBeanFactory.java:1066) ~[spring-beans-4.3.10.RELEASE.jar:4.3.10.RELEASE]
	at org.springframework.beans.factory.annotation.AutowiredAnnotationBeanPostProcessor$AutowiredFieldElement.inject(AutowiredAnnotationBeanPostProcessor.java:585) ~[spring-beans-4.3.10.RELEASE.jar:4.3.10.RELEASE]
	... 32 common frames omitted
Caused by: org.springframework.beans.factory.BeanCreationException: Error creating bean with name 'sessionFactory' defined in class path resource [strilets/configuration/HibernateConfiguration.class]: Bean instantiation via factory method failed; nested exception is org.springframework.beans.BeanInstantiationException: Failed to instantiate [org.springframework.orm.hibernate5.LocalSessionFactoryBean]: Factory method 'sessionFactory' threw exception; nested exception is org.springframework.beans.factory.BeanCreationException: Error creating bean with name 'dataSource' defined in class path resource [strilets/configuration/HibernateConfiguration.class]: Initialization of bean failed; nested exception is org.springframework.beans.factory.BeanCreationException: Error creating bean with name 'dataSourceInitializer': Invocation of init method failed; nested exception is org.springframework.jdbc.datasource.init.ScriptStatementFailedException: Failed to execute SQL script statement #1 of URL [file:/D:/Job/Projects/InternetVisitingCard/target/classes/schema.sql]: CREATE TABLE IF NOT EXISTS user ( id BIGINT NOT NULL AUTO_INCREMENT PRIMARY KEY, login VARCHAR(30) NOT NULL UNIQUE, password VARCHAR(100) NOT NULL, name VARCHAR(30), description TEXT, people VARCHAR(50), address VARCHAR(50), email VARCHAR(50), phone VARCHAR(50), facebook VARCHAR(30), twitter VARCHAR(30), instagram VARCHAR(30), role VARCHAR(5) NOT NULL, image longblob, name_image VARCHAR(15), type VARCHAR(15); nested exception is com.mysql.jdbc.exceptions.jdbc4.MySQLSyntaxErrorException: You have an error in your SQL syntax; check the manual that corresponds to your MySQL server version for the right syntax to use near '' at line 1
	at org.springframework.beans.factory.support.ConstructorResolver.instantiateUsingFactoryMethod(ConstructorResolver.java:599) ~[spring-beans-4.3.10.RELEASE.jar:4.3.10.RELEASE]
	at org.springframework.beans.factory.support.AbstractAutowireCapableBeanFactory.instantiateUsingFactoryMethod(AbstractAutowireCapableBeanFactory.java:1173) ~[spring-beans-4.3.10.RELEASE.jar:4.3.10.RELEASE]
	at org.springframework.beans.factory.support.AbstractAutowireCapableBeanFactory.createBeanInstance(AbstractAutowireCapableBeanFactory.java:1067) ~[spring-beans-4.3.10.RELEASE.jar:4.3.10.RELEASE]
	at org.springframework.beans.factory.support.AbstractAutowireCapableBeanFactory.doCreateBean(AbstractAutowireCapableBeanFactory.java:513) ~[spring-beans-4.3.10.RELEASE.jar:4.3.10.RELEASE]
	at org.springframework.beans.factory.support.AbstractAutowireCapableBeanFactory.createBean(AbstractAutowireCapableBeanFactory.java:483) ~[spring-beans-4.3.10.RELEASE.jar:4.3.10.RELEASE]
	at org.springframework.beans.factory.support.AbstractBeanFactory$1.getObject(AbstractBeanFactory.java:306) ~[spring-beans-4.3.10.RELEASE.jar:4.3.10.RELEASE]
	at org.springframework.beans.factory.support.DefaultSingletonBeanRegistry.getSingleton(DefaultSingletonBeanRegistry.java:230) ~[spring-beans-4.3.10.RELEASE.jar:4.3.10.RELEASE]
	at org.springframework.beans.factory.support.AbstractBeanFactory.doGetBean(AbstractBeanFactory.java:302) ~[spring-beans-4.3.10.RELEASE.jar:4.3.10.RELEASE]
	at org.springframework.beans.factory.support.AbstractBeanFactory.getBean(AbstractBeanFactory.java:202) ~[spring-beans-4.3.10.RELEASE.jar:4.3.10.RELEASE]
	at org.springframework.beans.factory.config.DependencyDescriptor.resolveCandidate(DependencyDescriptor.java:208) ~[spring-beans-4.3.10.RELEASE.jar:4.3.10.RELEASE]
	at org.springframework.beans.factory.support.DefaultListableBeanFactory.doResolveDependency(DefaultListableBeanFactory.java:1138) ~[spring-beans-4.3.10.RELEASE.jar:4.3.10.RELEASE]
	at org.springframework.beans.factory.support.DefaultListableBeanFactory.resolveDependency(DefaultListableBeanFactory.java:1066) ~[spring-beans-4.3.10.RELEASE.jar:4.3.10.RELEASE]
	at org.springframework.beans.factory.annotation.AutowiredAnnotationBeanPostProcessor$AutowiredFieldElement.inject(AutowiredAnnotationBeanPostProcessor.java:585) ~[spring-beans-4.3.10.RELEASE.jar:4.3.10.RELEASE]
	... 45 common frames omitted
Caused by: org.springframework.beans.BeanInstantiationException: Failed to instantiate [org.springframework.orm.hibernate5.LocalSessionFactoryBean]: Factory method 'sessionFactory' threw exception; nested exception is org.springframework.beans.factory.BeanCreationException: Error creating bean with name 'dataSource' defined in class path resource [strilets/configuration/HibernateConfiguration.class]: Initialization of bean failed; nested exception is org.springframework.beans.factory.BeanCreationException: Error creating bean with name 'dataSourceInitializer': Invocation of init method failed; nested exception is org.springframework.jdbc.datasource.init.ScriptStatementFailedException: Failed to execute SQL script statement #1 of URL [file:/D:/Job/Projects/InternetVisitingCard/target/classes/schema.sql]: CREATE TABLE IF NOT EXISTS user ( id BIGINT NOT NULL AUTO_INCREMENT PRIMARY KEY, login VARCHAR(30) NOT NULL UNIQUE, password VARCHAR(100) NOT NULL, name VARCHAR(30), description TEXT, people VARCHAR(50), address VARCHAR(50), email VARCHAR(50), phone VARCHAR(50), facebook VARCHAR(30), twitter VARCHAR(30), instagram VARCHAR(30), role VARCHAR(5) NOT NULL, image longblob, name_image VARCHAR(15), type VARCHAR(15); nested exception is com.mysql.jdbc.exceptions.jdbc4.MySQLSyntaxErrorException: You have an error in your SQL syntax; check the manual that corresponds to your MySQL server version for the right syntax to use near '' at line 1
	at org.springframework.beans.factory.support.SimpleInstantiationStrategy.instantiate(SimpleInstantiationStrategy.java:189) ~[spring-beans-4.3.10.RELEASE.jar:4.3.10.RELEASE]
	at org.springframework.beans.factory.support.ConstructorResolver.instantiateUsingFactoryMethod(ConstructorResolver.java:588) ~[spring-beans-4.3.10.RELEASE.jar:4.3.10.RELEASE]
	... 57 common frames omitted
Caused by: org.springframework.beans.factory.BeanCreationException: Error creating bean with name 'dataSource' defined in class path resource [strilets/configuration/HibernateConfiguration.class]: Initialization of bean failed; nested exception is org.springframework.beans.factory.BeanCreationException: Error creating bean with name 'dataSourceInitializer': Invocation of init method failed; nested exception is org.springframework.jdbc.datasource.init.ScriptStatementFailedException: Failed to execute SQL script statement #1 of URL [file:/D:/Job/Projects/InternetVisitingCard/target/classes/schema.sql]: CREATE TABLE IF NOT EXISTS user ( id BIGINT NOT NULL AUTO_INCREMENT PRIMARY KEY, login VARCHAR(30) NOT NULL UNIQUE, password VARCHAR(100) NOT NULL, name VARCHAR(30), description TEXT, people VARCHAR(50), address VARCHAR(50), email VARCHAR(50), phone VARCHAR(50), facebook VARCHAR(30), twitter VARCHAR(30), instagram VARCHAR(30), role VARCHAR(5) NOT NULL, image longblob, name_image VARCHAR(15), type VARCHAR(15); nested exception is com.mysql.jdbc.exceptions.jdbc4.MySQLSyntaxErrorException: You have an error in your SQL syntax; check the manual that corresponds to your MySQL server version for the right syntax to use near '' at line 1
	at org.springframework.beans.factory.support.AbstractAutowireCapableBeanFactory.doCreateBean(AbstractAutowireCapableBeanFactory.java:564) ~[spring-beans-4.3.10.RELEASE.jar:4.3.10.RELEASE]
	at org.springframework.beans.factory.support.AbstractAutowireCapableBeanFactory.createBean(AbstractAutowireCapableBeanFactory.java:483) ~[spring-beans-4.3.10.RELEASE.jar:4.3.10.RELEASE]
	at org.springframework.beans.factory.support.AbstractBeanFactory$1.getObject(AbstractBeanFactory.java:306) ~[spring-beans-4.3.10.RELEASE.jar:4.3.10.RELEASE]
	at org.springframework.beans.factory.support.DefaultSingletonBeanRegistry.getSingleton(DefaultSingletonBeanRegistry.java:230) ~[spring-beans-4.3.10.RELEASE.jar:4.3.10.RELEASE]
	at org.springframework.beans.factory.support.AbstractBeanFactory.doGetBean(AbstractBeanFactory.java:302) ~[spring-beans-4.3.10.RELEASE.jar:4.3.10.RELEASE]
	at org.springframework.beans.factory.support.AbstractBeanFactory.getBean(AbstractBeanFactory.java:197) ~[spring-beans-4.3.10.RELEASE.jar:4.3.10.RELEASE]
	at org.springframework.context.annotation.ConfigurationClassEnhancer$BeanMethodInterceptor.obtainBeanInstanceFromFactory(ConfigurationClassEnhancer.java:389) ~[spring-context-4.3.10.RELEASE.jar:4.3.10.RELEASE]
	at org.springframework.context.annotation.ConfigurationClassEnhancer$BeanMethodInterceptor.intercept(ConfigurationClassEnhancer.java:361) ~[spring-context-4.3.10.RELEASE.jar:4.3.10.RELEASE]
	at strilets.configuration.HibernateConfiguration$$EnhancerBySpringCGLIB$$88bbf46.dataSource(<generated>) ~[classes/:na]
	at strilets.configuration.HibernateConfiguration.sessionFactory(HibernateConfiguration.java:31) ~[classes/:na]
	at strilets.configuration.HibernateConfiguration$$EnhancerBySpringCGLIB$$88bbf46.CGLIB$sessionFactory$2(<generated>) ~[classes/:na]
	at strilets.configuration.HibernateConfiguration$$EnhancerBySpringCGLIB$$88bbf46$$FastClassBySpringCGLIB$$80a401c9.invoke(<generated>) ~[classes/:na]
	at org.springframework.cglib.proxy.MethodProxy.invokeSuper(MethodProxy.java:228) ~[spring-core-4.3.10.RELEASE.jar:4.3.10.RELEASE]
	at org.springframework.context.annotation.ConfigurationClassEnhancer$BeanMethodInterceptor.intercept(ConfigurationClassEnhancer.java:358) ~[spring-context-4.3.10.RELEASE.jar:4.3.10.RELEASE]
	at strilets.configuration.HibernateConfiguration$$EnhancerBySpringCGLIB$$88bbf46.sessionFactory(<generated>) ~[classes/:na]
	at sun.reflect.NativeMethodAccessorImpl.invoke0(Native Method) ~[na:1.8.0_101]
	at sun.reflect.NativeMethodAccessorImpl.invoke(Unknown Source) ~[na:1.8.0_101]
	at sun.reflect.DelegatingMethodAccessorImpl.invoke(Unknown Source) ~[na:1.8.0_101]
	at java.lang.reflect.Method.invoke(Unknown Source) ~[na:1.8.0_101]
	at org.springframework.beans.factory.support.SimpleInstantiationStrategy.instantiate(SimpleInstantiationStrategy.java:162) ~[spring-beans-4.3.10.RELEASE.jar:4.3.10.RELEASE]
	... 58 common frames omitted
Caused by: org.springframework.beans.factory.BeanCreationException: Error creating bean with name 'dataSourceInitializer': Invocation of init method failed; nested exception is org.springframework.jdbc.datasource.init.ScriptStatementFailedException: Failed to execute SQL script statement #1 of URL [file:/D:/Job/Projects/InternetVisitingCard/target/classes/schema.sql]: CREATE TABLE IF NOT EXISTS user ( id BIGINT NOT NULL AUTO_INCREMENT PRIMARY KEY, login VARCHAR(30) NOT NULL UNIQUE, password VARCHAR(100) NOT NULL, name VARCHAR(30), description TEXT, people VARCHAR(50), address VARCHAR(50), email VARCHAR(50), phone VARCHAR(50), facebook VARCHAR(30), twitter VARCHAR(30), instagram VARCHAR(30), role VARCHAR(5) NOT NULL, image longblob, name_image VARCHAR(15), type VARCHAR(15); nested exception is com.mysql.jdbc.exceptions.jdbc4.MySQLSyntaxErrorException: You have an error in your SQL syntax; check the manual that corresponds to your MySQL server version for the right syntax to use near '' at line 1
	at org.springframework.beans.factory.annotation.InitDestroyAnnotationBeanPostProcessor.postProcessBeforeInitialization(InitDestroyAnnotationBeanPostProcessor.java:137) ~[spring-beans-4.3.10.RELEASE.jar:4.3.10.RELEASE]
	at org.springframework.beans.factory.support.AbstractAutowireCapableBeanFactory.applyBeanPostProcessorsBeforeInitialization(AbstractAutowireCapableBeanFactory.java:409) ~[spring-beans-4.3.10.RELEASE.jar:4.3.10.RELEASE]
	at org.springframework.beans.factory.support.AbstractAutowireCapableBeanFactory.initializeBean(AbstractAutowireCapableBeanFactory.java:1620) ~[spring-beans-4.3.10.RELEASE.jar:4.3.10.RELEASE]
	at org.springframework.beans.factory.support.AbstractAutowireCapableBeanFactory.doCreateBean(AbstractAutowireCapableBeanFactory.java:555) ~[spring-beans-4.3.10.RELEASE.jar:4.3.10.RELEASE]
	at org.springframework.beans.factory.support.AbstractAutowireCapableBeanFactory.createBean(AbstractAutowireCapableBeanFactory.java:483) ~[spring-beans-4.3.10.RELEASE.jar:4.3.10.RELEASE]
	at org.springframework.beans.factory.support.AbstractBeanFactory$1.getObject(AbstractBeanFactory.java:306) ~[spring-beans-4.3.10.RELEASE.jar:4.3.10.RELEASE]
	at org.springframework.beans.factory.support.DefaultSingletonBeanRegistry.getSingleton(DefaultSingletonBeanRegistry.java:230) ~[spring-beans-4.3.10.RELEASE.jar:4.3.10.RELEASE]
	at org.springframework.beans.factory.support.AbstractBeanFactory.doGetBean(AbstractBeanFactory.java:302) ~[spring-beans-4.3.10.RELEASE.jar:4.3.10.RELEASE]
	at org.springframework.beans.factory.support.AbstractBeanFactory.getBean(AbstractBeanFactory.java:220) ~[spring-beans-4.3.10.RELEASE.jar:4.3.10.RELEASE]
	at org.springframework.beans.factory.support.DefaultListableBeanFactory.resolveNamedBean(DefaultListableBeanFactory.java:1018) ~[spring-beans-4.3.10.RELEASE.jar:4.3.10.RELEASE]
	at org.springframework.beans.factory.support.DefaultListableBeanFactory.getBean(DefaultListableBeanFactory.java:345) ~[spring-beans-4.3.10.RELEASE.jar:4.3.10.RELEASE]
	at org.springframework.beans.factory.support.DefaultListableBeanFactory.getBean(DefaultListableBeanFactory.java:340) ~[spring-beans-4.3.10.RELEASE.jar:4.3.10.RELEASE]
	at org.springframework.boot.autoconfigure.jdbc.DataSourceInitializerPostProcessor.postProcessAfterInitialization(DataSourceInitializerPostProcessor.java:62) ~[spring-boot-autoconfigure-1.5.6.RELEASE.jar:1.5.6.RELEASE]
	at org.springframework.beans.factory.support.AbstractAutowireCapableBeanFactory.applyBeanPostProcessorsAfterInitialization(AbstractAutowireCapableBeanFactory.java:423) ~[spring-beans-4.3.10.RELEASE.jar:4.3.10.RELEASE]
	at org.springframework.beans.factory.support.AbstractAutowireCapableBeanFactory.initializeBean(AbstractAutowireCapableBeanFactory.java:1633) ~[spring-beans-4.3.10.RELEASE.jar:4.3.10.RELEASE]
	at org.springframework.beans.factory.support.AbstractAutowireCapableBeanFactory.doCreateBean(AbstractAutowireCapableBeanFactory.java:555) ~[spring-beans-4.3.10.RELEASE.jar:4.3.10.RELEASE]
	... 77 common frames omitted
Caused by: org.springframework.jdbc.datasource.init.ScriptStatementFailedException: Failed to execute SQL script statement #1 of URL [file:/D:/Job/Projects/InternetVisitingCard/target/classes/schema.sql]: CREATE TABLE IF NOT EXISTS user ( id BIGINT NOT NULL AUTO_INCREMENT PRIMARY KEY, login VARCHAR(30) NOT NULL UNIQUE, password VARCHAR(100) NOT NULL, name VARCHAR(30), description TEXT, people VARCHAR(50), address VARCHAR(50), email VARCHAR(50), phone VARCHAR(50), facebook VARCHAR(30), twitter VARCHAR(30), instagram VARCHAR(30), role VARCHAR(5) NOT NULL, image longblob, name_image VARCHAR(15), type VARCHAR(15); nested exception is com.mysql.jdbc.exceptions.jdbc4.MySQLSyntaxErrorException: You have an error in your SQL syntax; check the manual that corresponds to your MySQL server version for the right syntax to use near '' at line 1
	at org.springframework.jdbc.datasource.init.ScriptUtils.executeSqlScript(ScriptUtils.java:491) ~[spring-jdbc-4.3.10.RELEASE.jar:4.3.10.RELEASE]
	at org.springframework.jdbc.datasource.init.ResourceDatabasePopulator.populate(ResourceDatabasePopulator.java:238) ~[spring-jdbc-4.3.10.RELEASE.jar:4.3.10.RELEASE]
	at org.springframework.jdbc.datasource.init.DatabasePopulatorUtils.execute(DatabasePopulatorUtils.java:48) ~[spring-jdbc-4.3.10.RELEASE.jar:4.3.10.RELEASE]
	at org.springframework.boot.autoconfigure.jdbc.DataSourceInitializer.runScripts(DataSourceInitializer.java:192) ~[spring-boot-autoconfigure-1.5.6.RELEASE.jar:1.5.6.RELEASE]
	at org.springframework.boot.autoconfigure.jdbc.DataSourceInitializer.runSchemaScripts(DataSourceInitializer.java:92) ~[spring-boot-autoconfigure-1.5.6.RELEASE.jar:1.5.6.RELEASE]
	at org.springframework.boot.autoconfigure.jdbc.DataSourceInitializer.init(DataSourceInitializer.java:83) ~[spring-boot-autoconfigure-1.5.6.RELEASE.jar:1.5.6.RELEASE]
	at sun.reflect.NativeMethodAccessorImpl.invoke0(Native Method) ~[na:1.8.0_101]
	at sun.reflect.NativeMethodAccessorImpl.invoke(Unknown Source) ~[na:1.8.0_101]
	at sun.reflect.DelegatingMethodAccessorImpl.invoke(Unknown Source) ~[na:1.8.0_101]
	at java.lang.reflect.Method.invoke(Unknown Source) ~[na:1.8.0_101]
	at org.springframework.beans.factory.annotation.InitDestroyAnnotationBeanPostProcessor$LifecycleElement.invoke(InitDestroyAnnotationBeanPostProcessor.java:366) ~[spring-beans-4.3.10.RELEASE.jar:4.3.10.RELEASE]
	at org.springframework.beans.factory.annotation.InitDestroyAnnotationBeanPostProcessor$LifecycleMetadata.invokeInitMethods(InitDestroyAnnotationBeanPostProcessor.java:311) ~[spring-beans-4.3.10.RELEASE.jar:4.3.10.RELEASE]
	at org.springframework.beans.factory.annotation.InitDestroyAnnotationBeanPostProcessor.postProcessBeforeInitialization(InitDestroyAnnotationBeanPostProcessor.java:134) ~[spring-beans-4.3.10.RELEASE.jar:4.3.10.RELEASE]
	... 92 common frames omitted
Caused by: com.mysql.jdbc.exceptions.jdbc4.MySQLSyntaxErrorException: You have an error in your SQL syntax; check the manual that corresponds to your MySQL server version for the right syntax to use near '' at line 1
	at sun.reflect.NativeConstructorAccessorImpl.newInstance0(Native Method) ~[na:1.8.0_101]
	at sun.reflect.NativeConstructorAccessorImpl.newInstance(Unknown Source) ~[na:1.8.0_101]
	at sun.reflect.DelegatingConstructorAccessorImpl.newInstance(Unknown Source) ~[na:1.8.0_101]
	at java.lang.reflect.Constructor.newInstance(Unknown Source) ~[na:1.8.0_101]
	at com.mysql.jdbc.Util.handleNewInstance(Util.java:425) ~[mysql-connector-java-5.1.43.jar:5.1.43]
	at com.mysql.jdbc.Util.getInstance(Util.java:408) ~[mysql-connector-java-5.1.43.jar:5.1.43]
	at com.mysql.jdbc.SQLError.createSQLException(SQLError.java:943) ~[mysql-connector-java-5.1.43.jar:5.1.43]
	at com.mysql.jdbc.MysqlIO.checkErrorPacket(MysqlIO.java:3973) ~[mysql-connector-java-5.1.43.jar:5.1.43]
	at com.mysql.jdbc.MysqlIO.checkErrorPacket(MysqlIO.java:3909) ~[mysql-connector-java-5.1.43.jar:5.1.43]
	at com.mysql.jdbc.MysqlIO.sendCommand(MysqlIO.java:2527) ~[mysql-connector-java-5.1.43.jar:5.1.43]
	at com.mysql.jdbc.MysqlIO.sqlQueryDirect(MysqlIO.java:2680) ~[mysql-connector-java-5.1.43.jar:5.1.43]
	at com.mysql.jdbc.ConnectionImpl.execSQL(ConnectionImpl.java:2490) ~[mysql-connector-java-5.1.43.jar:5.1.43]
	at com.mysql.jdbc.ConnectionImpl.execSQL(ConnectionImpl.java:2448) ~[mysql-connector-java-5.1.43.jar:5.1.43]
	at com.mysql.jdbc.StatementImpl.executeInternal(StatementImpl.java:845) ~[mysql-connector-java-5.1.43.jar:5.1.43]
	at com.mysql.jdbc.StatementImpl.execute(StatementImpl.java:745) ~[mysql-connector-java-5.1.43.jar:5.1.43]
	at org.springframework.jdbc.datasource.init.ScriptUtils.executeSqlScript(ScriptUtils.java:470) ~[spring-jdbc-4.3.10.RELEASE.jar:4.3.10.RELEASE]
	... 104 common frames omitted

2017-12-26 22:33:56.875  INFO 5388 --- [main] s.InternetVisitingCardApplication        : Starting InternetVisitingCardApplication on Misha-PC with PID 5388 (D:\Job\Projects\InternetVisitingCard\target\classes started by Misha in D:\Job\Projects\InternetVisitingCard)
2017-12-26 22:33:57.123  INFO 5388 --- [main] s.InternetVisitingCardApplication        : No active profile set, falling back to default profiles: default
2017-12-26 22:33:58.193  INFO 5388 --- [main] ationConfigEmbeddedWebApplicationContext : Refreshing org.springframework.boot.context.embedded.AnnotationConfigEmbeddedWebApplicationContext@d0fbae: startup date [Tue Dec 26 22:33:58 EET 2017]; root of context hierarchy
2017-12-26 22:34:06.644  INFO 5388 --- [main] s.b.c.e.t.TomcatEmbeddedServletContainer : Tomcat initialized with port(s): 8080 (http)
2017-12-26 22:34:06.690  INFO 5388 --- [main] o.apache.catalina.core.StandardService   : Starting service [Tomcat]
2017-12-26 22:34:06.690  INFO 5388 --- [main] org.apache.catalina.core.StandardEngine  : Starting Servlet Engine: Apache Tomcat/8.5.16
2017-12-26 22:34:07.311  INFO 5388 --- [localhost-startStop-1] org.apache.jasper.servlet.TldScanner     : At least one JAR was scanned for TLDs yet contained no TLDs. Enable debug logging for this logger for a complete list of JARs that were scanned but no TLDs were found in them. Skipping unneeded JARs during scanning can improve startup time and JSP compilation time.
2017-12-26 22:34:07.323  INFO 5388 --- [localhost-startStop-1] o.a.c.c.C.[Tomcat].[localhost].[/]       : Initializing Spring embedded WebApplicationContext
2017-12-26 22:34:07.324  INFO 5388 --- [localhost-startStop-1] o.s.web.context.ContextLoader            : Root WebApplicationContext: initialization completed in 9235 ms
2017-12-26 22:34:07.684  INFO 5388 --- [localhost-startStop-1] o.s.b.w.servlet.FilterRegistrationBean   : Mapping filter: 'characterEncodingFilter' to: [/*]
2017-12-26 22:34:07.687  INFO 5388 --- [localhost-startStop-1] .s.DelegatingFilterProxyRegistrationBean : Mapping filter: 'springSecurityFilterChain' to: [/*]
2017-12-26 22:34:07.688  INFO 5388 --- [localhost-startStop-1] o.s.b.w.servlet.ServletRegistrationBean  : Mapping servlet: 'dispatcherServlet' to [/]
2017-12-26 22:34:07.871  INFO 5388 --- [main] o.s.j.d.DriverManagerDataSource          : Loaded JDBC driver: com.mysql.jdbc.Driver
2017-12-26 22:34:08.687  INFO 5388 --- [main] o.s.jdbc.datasource.init.ScriptUtils     : Executing SQL script from URL [file:/D:/Job/Projects/InternetVisitingCard/target/classes/schema.sql]
2017-12-26 22:34:11.407  INFO 5388 --- [main] o.s.jdbc.datasource.init.ScriptUtils     : Executed SQL script from URL [file:/D:/Job/Projects/InternetVisitingCard/target/classes/schema.sql] in 2720 ms.
2017-12-26 22:34:13.513  INFO 5388 --- [main] org.hibernate.Version                    : HHH000412: Hibernate Core {5.0.12.Final}
2017-12-26 22:34:13.552  INFO 5388 --- [main] org.hibernate.cfg.Environment            : HHH000206: hibernate.properties not found
2017-12-26 22:34:13.572  INFO 5388 --- [main] org.hibernate.cfg.Environment            : HHH000021: Bytecode provider name : javassist
2017-12-26 22:34:14.272  INFO 5388 --- [main] o.hibernate.annotations.common.Version   : HCANN000001: Hibernate Commons Annotations {5.0.1.Final}
2017-12-26 22:34:17.442  INFO 5388 --- [main] org.hibernate.dialect.Dialect            : HHH000400: Using dialect: org.hibernate.dialect.MySQLDialect
2017-12-26 22:34:27.145  INFO 5388 --- [main] o.s.o.h.HibernateTransactionManager      : Using DataSource [org.springframework.jdbc.datasource.DriverManagerDataSource@84624f] of Hibernate SessionFactory for HibernateTransactionManager
2017-12-26 22:34:27.495  INFO 5388 --- [main] s.w.s.m.m.a.RequestMappingHandlerMapping : Mapped "{[/]}" onto java.lang.String strilets.controller.AppController.index()
2017-12-26 22:34:27.500  INFO 5388 --- [main] s.w.s.m.m.a.RequestMappingHandlerMapping : Mapped "{[/{login}],methods=[GET]}" onto public java.lang.String strilets.controller.AppController.viewCard(java.lang.String,org.springframework.ui.ModelMap)
2017-12-26 22:34:27.502  INFO 5388 --- [main] s.w.s.m.m.a.RequestMappingHandlerMapping : Mapped "{[/list-cards],methods=[GET]}" onto public java.lang.String strilets.controller.AppController.listCards(org.springframework.ui.ModelMap)
2017-12-26 22:34:27.506  INFO 5388 --- [main] s.w.s.m.m.a.RequestMappingHandlerMapping : Mapped "{[/list-cards],methods=[POST]}" onto public java.lang.String strilets.controller.AppController.searchCards(strilets.model.Search,org.springframework.ui.ModelMap)
2017-12-26 22:34:27.509  INFO 5388 --- [main] s.w.s.m.m.a.RequestMappingHandlerMapping : Mapped "{[/edit-card-{login}],methods=[POST]}" onto public java.lang.String strilets.controller.AppController.updateCard(strilets.model.Card,org.springframework.validation.BindingResult,org.springframework.ui.ModelMap,java.lang.String) throws java.io.IOException
2017-12-26 22:34:27.511  INFO 5388 --- [main] s.w.s.m.m.a.RequestMappingHandlerMapping : Mapped "{[/image-{login}]}" onto public void strilets.controller.AppController.getUserImage(javax.servlet.http.HttpServletResponse,java.lang.String) throws java.io.IOException
2017-12-26 22:34:27.512  INFO 5388 --- [main] s.w.s.m.m.a.RequestMappingHandlerMapping : Mapped "{[/delete-card-{login}],methods=[GET]}" onto public java.lang.String strilets.controller.AppController.deleteUser(java.lang.String)
2017-12-26 22:34:27.513  INFO 5388 --- [main] s.w.s.m.m.a.RequestMappingHandlerMapping : Mapped "{[/delete-image-{login}],methods=[GET]}" onto public java.lang.String strilets.controller.AppController.deleteUmage(java.lang.String)
2017-12-26 22:34:27.515  INFO 5388 --- [main] s.w.s.m.m.a.RequestMappingHandlerMapping : Mapped "{[/access_denied]}" onto public java.lang.String strilets.controller.AppController.accessDeniedPage()
2017-12-26 22:34:27.516  INFO 5388 --- [main] s.w.s.m.m.a.RequestMappingHandlerMapping : Mapped "{[/login],methods=[GET]}" onto public java.lang.String strilets.controller.AppController.loginPage()
2017-12-26 22:34:27.517  INFO 5388 --- [main] s.w.s.m.m.a.RequestMappingHandlerMapping : Mapped "{[/logout],methods=[GET]}" onto public java.lang.String strilets.controller.AppController.logoutPage(javax.servlet.http.HttpServletRequest,javax.servlet.http.HttpServletResponse)
2017-12-26 22:34:27.519  INFO 5388 --- [main] s.w.s.m.m.a.RequestMappingHandlerMapping : Mapped "{[/registration-user],methods=[GET]}" onto public java.lang.String strilets.controller.AppController.newUser(org.springframework.ui.ModelMap)
2017-12-26 22:34:27.520  INFO 5388 --- [main] s.w.s.m.m.a.RequestMappingHandlerMapping : Mapped "{[/registration-user],methods=[POST]}" onto public java.lang.String strilets.controller.AppController.saveUser(strilets.model.User,org.springframework.validation.BindingResult,org.springframework.ui.ModelMap)
2017-12-26 22:34:27.521  INFO 5388 --- [main] s.w.s.m.m.a.RequestMappingHandlerMapping : Mapped "{[/edit-card-{login}],methods=[GET]}" onto public java.lang.String strilets.controller.AppController.editCard(java.lang.String,org.springframework.ui.ModelMap)
2017-12-26 22:34:27.597  INFO 5388 --- [main] s.w.s.m.m.a.RequestMappingHandlerMapping : Mapped "{[/error]}" onto public org.springframework.http.ResponseEntity<java.util.Map<java.lang.String, java.lang.Object>> org.springframework.boot.autoconfigure.web.BasicErrorController.error(javax.servlet.http.HttpServletRequest)
2017-12-26 22:34:27.599  INFO 5388 --- [main] s.w.s.m.m.a.RequestMappingHandlerMapping : Mapped "{[/error],produces=[text/html]}" onto public org.springframework.web.servlet.ModelAndView org.springframework.boot.autoconfigure.web.BasicErrorController.errorHtml(javax.servlet.http.HttpServletRequest,javax.servlet.http.HttpServletResponse)
2017-12-26 22:34:27.886  INFO 5388 --- [main] o.s.w.s.handler.SimpleUrlHandlerMapping  : Mapped URL path [/static/**] onto handler of type [class org.springframework.web.servlet.resource.ResourceHttpRequestHandler]
2017-12-26 22:34:28.175  INFO 5388 --- [main] s.w.s.m.m.a.RequestMappingHandlerAdapter : Looking for @ControllerAdvice: org.springframework.boot.context.embedded.AnnotationConfigEmbeddedWebApplicationContext@d0fbae: startup date [Tue Dec 26 22:33:58 EET 2017]; root of context hierarchy
2017-12-26 22:34:29.834  INFO 5388 --- [main] o.s.s.web.DefaultSecurityFilterChain     : Creating filter chain: org.springframework.security.web.util.matcher.AnyRequestMatcher@1, [org.springframework.security.web.context.request.async.WebAsyncManagerIntegrationFilter@d96b41, org.springframework.security.web.context.SecurityContextPersistenceFilter@9319c3, org.springframework.security.web.header.HeaderWriterFilter@1c0bbc6, org.springframework.security.web.csrf.CsrfFilter@6f1852, org.springframework.security.web.authentication.logout.LogoutFilter@1e3d7dd, org.springframework.security.web.authentication.UsernamePasswordAuthenticationFilter@14c8f29, org.springframework.security.web.savedrequest.RequestCacheAwareFilter@7d9b41, org.springframework.security.web.servletapi.SecurityContextHolderAwareRequestFilter@14c5e41, org.springframework.security.web.authentication.rememberme.RememberMeAuthenticationFilter@c9b52f, org.springframework.security.web.authentication.AnonymousAuthenticationFilter@1ffe70, org.springframework.security.web.session.SessionManagementFilter@1d09e43, org.springframework.security.web.access.ExceptionTranslationFilter@18b0739, org.springframework.security.web.access.intercept.FilterSecurityInterceptor@2e34b]
2017-12-26 22:34:31.326  INFO 5388 --- [main] o.s.j.e.a.AnnotationMBeanExporter        : Registering beans for JMX exposure on startup
2017-12-26 22:34:32.317  INFO 5388 --- [main] s.b.c.e.t.TomcatEmbeddedServletContainer : Tomcat started on port(s): 8080 (http)
2017-12-26 22:34:32.392  INFO 5388 --- [main] s.InternetVisitingCardApplication        : Started InternetVisitingCardApplication in 40.752 seconds (JVM running for 48.386)
2017-12-26 22:34:42.649  INFO 5388 --- [http-nio-8080-exec-1] o.a.c.c.C.[Tomcat].[localhost].[/]       : Initializing Spring FrameworkServlet 'dispatcherServlet'
2017-12-26 22:34:42.655  INFO 5388 --- [http-nio-8080-exec-1] o.s.web.servlet.DispatcherServlet        : FrameworkServlet 'dispatcherServlet': initialization started
2017-12-26 22:34:42.808  INFO 5388 --- [http-nio-8080-exec-1] o.s.web.servlet.DispatcherServlet        : FrameworkServlet 'dispatcherServlet': initialization completed in 152 ms
2017-12-26 22:38:02.552  INFO 5388 --- [http-nio-8080-exec-8] strilets.dao.UserDaoImpl                 : Get user login : admin
2017-12-26 22:38:03.028  INFO 5388 --- [http-nio-8080-exec-10] strilets.dao.UserDaoImpl                 : Get user login : pingvin
2017-12-26 22:38:03.042  INFO 5388 --- [http-nio-8080-exec-9] strilets.dao.UserDaoImpl                 : Get user login : user
2017-12-26 22:38:03.739  INFO 5388 --- [http-nio-8080-exec-8] strilets.dao.UserDaoImpl                 : Get user login : admin
2017-12-26 22:38:03.742  INFO 5388 --- [http-nio-8080-exec-9] strilets.dao.UserDaoImpl                 : Get user login : user
2017-12-26 22:38:04.583  INFO 5388 --- [http-nio-8080-exec-10] strilets.dao.UserDaoImpl                 : Get user login : pingvin
2017-12-26 22:38:26.679  INFO 5388 --- [http-nio-8080-exec-10] strilets.dao.UserDaoImpl                 : Get user login : admin
2017-12-26 22:38:26.801  INFO 5388 --- [http-nio-8080-exec-10] strilets.security.UserServiceDetail      : User : strilets.model.User@a7c5b9
2017-12-26 22:38:26.812  INFO 5388 --- [http-nio-8080-exec-10] strilets.security.UserServiceDetail      : Card profile : strilets.model.User@a7c5b9
2017-12-26 22:38:26.814  INFO 5388 --- [http-nio-8080-exec-10] strilets.security.UserServiceDetail      : Authorities : [ROLE_ADMIN]
2017-12-26 22:38:32.477  INFO 5388 --- [http-nio-8080-exec-6] strilets.dao.UserDaoImpl                 : Get user login : admin
2017-12-26 22:38:32.710  INFO 5388 --- [http-nio-8080-exec-6] strilets.dao.UserDaoImpl                 : Get user login : admin
2017-12-26 22:38:32.827  INFO 5388 --- [http-nio-8080-exec-7] strilets.dao.UserDaoImpl                 : Get user login : user
2017-12-26 22:38:32.895  INFO 5388 --- [http-nio-8080-exec-9] strilets.dao.UserDaoImpl                 : Get user login : pingvin
2017-12-26 22:38:33.241  INFO 5388 --- [http-nio-8080-exec-9] strilets.dao.UserDaoImpl                 : Get user login : pingvin
2017-12-26 22:38:33.275  INFO 5388 --- [http-nio-8080-exec-7] strilets.dao.UserDaoImpl                 : Get user login : user
2017-12-26 22:38:35.662  INFO 5388 --- [http-nio-8080-exec-3] strilets.dao.UserDaoImpl                 : Get user login : admin
2017-12-26 22:38:38.022  INFO 5388 --- [http-nio-8080-exec-4] strilets.dao.UserDaoImpl                 : Get user login : admin
2017-12-26 22:38:38.536  INFO 5388 --- [http-nio-8080-exec-4] strilets.dao.UserDaoImpl                 : Get user login : admin
2017-12-26 22:38:47.382  INFO 5388 --- [http-nio-8080-exec-6] strilets.dao.UserDaoImpl                 : Get user login : admin
2017-12-26 22:38:49.128  INFO 5388 --- [http-nio-8080-exec-2] strilets.dao.UserDaoImpl                 : Get user login : admin
2017-12-26 22:38:49.407  INFO 5388 --- [http-nio-8080-exec-2] strilets.dao.UserDaoImpl                 : Get user login : admin
2017-12-26 22:38:57.343  INFO 5388 --- [http-nio-8080-exec-10] strilets.dao.TokenRepositoryImpl         : Removing token if any for user : admin
2017-12-26 22:40:09.681  INFO 5388 --- [RMI TCP Connection(2)-127.0.0.1] inMXBeanRegistrar$SpringApplicationAdmin : Application shutdown requested.
2017-12-26 22:40:09.681  INFO 5388 --- [RMI TCP Connection(2)-127.0.0.1] ationConfigEmbeddedWebApplicationContext : Closing org.springframework.boot.context.embedded.AnnotationConfigEmbeddedWebApplicationContext@d0fbae: startup date [Tue Dec 26 22:33:58 EET 2017]; root of context hierarchy
2017-12-26 22:40:09.697  INFO 5388 --- [RMI TCP Connection(2)-127.0.0.1] o.s.j.e.a.AnnotationMBeanExporter        : Unregistering JMX-exposed beans on shutdown
2017-12-26 22:59:57.088  INFO 2520 --- [main] s.InternetVisitingCardApplication        : Starting InternetVisitingCardApplication on Misha-PC with PID 2520 (D:\Job\Projects\InternetVisitingCard\target\classes started by Misha in D:\Job\Projects\InternetVisitingCard)
2017-12-26 22:59:57.160  INFO 2520 --- [main] s.InternetVisitingCardApplication        : No active profile set, falling back to default profiles: default
2017-12-26 22:59:57.644  INFO 2520 --- [main] ationConfigEmbeddedWebApplicationContext : Refreshing org.springframework.boot.context.embedded.AnnotationConfigEmbeddedWebApplicationContext@d0fbae: startup date [Tue Dec 26 22:59:57 EET 2017]; root of context hierarchy
2017-12-26 23:00:03.842  INFO 2520 --- [main] s.b.c.e.t.TomcatEmbeddedServletContainer : Tomcat initialized with port(s): 8080 (http)
2017-12-26 23:00:03.961  INFO 2520 --- [main] o.apache.catalina.core.StandardService   : Starting service [Tomcat]
2017-12-26 23:00:03.980  INFO 2520 --- [main] org.apache.catalina.core.StandardEngine  : Starting Servlet Engine: Apache Tomcat/8.5.16
2017-12-26 23:00:05.458  INFO 2520 --- [localhost-startStop-1] org.apache.jasper.servlet.TldScanner     : At least one JAR was scanned for TLDs yet contained no TLDs. Enable debug logging for this logger for a complete list of JARs that were scanned but no TLDs were found in them. Skipping unneeded JARs during scanning can improve startup time and JSP compilation time.
2017-12-26 23:00:05.470  INFO 2520 --- [localhost-startStop-1] o.a.c.c.C.[Tomcat].[localhost].[/]       : Initializing Spring embedded WebApplicationContext
2017-12-26 23:00:05.471  INFO 2520 --- [localhost-startStop-1] o.s.web.context.ContextLoader            : Root WebApplicationContext: initialization completed in 7917 ms
2017-12-26 23:00:05.935  INFO 2520 --- [localhost-startStop-1] o.s.b.w.servlet.FilterRegistrationBean   : Mapping filter: 'characterEncodingFilter' to: [/*]
2017-12-26 23:00:05.938  INFO 2520 --- [localhost-startStop-1] .s.DelegatingFilterProxyRegistrationBean : Mapping filter: 'springSecurityFilterChain' to: [/*]
2017-12-26 23:00:05.939  INFO 2520 --- [localhost-startStop-1] o.s.b.w.servlet.ServletRegistrationBean  : Mapping servlet: 'dispatcherServlet' to [/]
2017-12-26 23:00:06.208  INFO 2520 --- [main] o.s.j.d.DriverManagerDataSource          : Loaded JDBC driver: com.mysql.jdbc.Driver
2017-12-26 23:00:06.962  INFO 2520 --- [main] o.s.jdbc.datasource.init.ScriptUtils     : Executing SQL script from URL [file:/D:/Job/Projects/InternetVisitingCard/target/classes/schema.sql]
2017-12-26 23:00:07.032  INFO 2520 --- [main] o.s.jdbc.datasource.init.ScriptUtils     : Executed SQL script from URL [file:/D:/Job/Projects/InternetVisitingCard/target/classes/schema.sql] in 69 ms.
2017-12-26 23:00:07.794  INFO 2520 --- [main] org.hibernate.Version                    : HHH000412: Hibernate Core {5.0.12.Final}
2017-12-26 23:00:07.827  INFO 2520 --- [main] org.hibernate.cfg.Environment            : HHH000206: hibernate.properties not found
2017-12-26 23:00:07.854  INFO 2520 --- [main] org.hibernate.cfg.Environment            : HHH000021: Bytecode provider name : javassist
2017-12-26 23:00:08.728  INFO 2520 --- [main] o.hibernate.annotations.common.Version   : HCANN000001: Hibernate Commons Annotations {5.0.1.Final}
2017-12-26 23:00:10.013  INFO 2520 --- [main] org.hibernate.dialect.Dialect            : HHH000400: Using dialect: org.hibernate.dialect.MySQLDialect
2017-12-26 23:00:18.965  INFO 2520 --- [main] o.s.o.h.HibernateTransactionManager      : Using DataSource [org.springframework.jdbc.datasource.DriverManagerDataSource@865a90] of Hibernate SessionFactory for HibernateTransactionManager
2017-12-26 23:00:19.313  INFO 2520 --- [main] s.w.s.m.m.a.RequestMappingHandlerMapping : Mapped "{[/]}" onto java.lang.String strilets.controller.AppController.index()
2017-12-26 23:00:19.322  INFO 2520 --- [main] s.w.s.m.m.a.RequestMappingHandlerMapping : Mapped "{[/registration-user],methods=[GET]}" onto public java.lang.String strilets.controller.AppController.newUser(org.springframework.ui.ModelMap)
2017-12-26 23:00:19.325  INFO 2520 --- [main] s.w.s.m.m.a.RequestMappingHandlerMapping : Mapped "{[/registration-user],methods=[POST]}" onto public java.lang.String strilets.controller.AppController.saveUser(strilets.model.User,org.springframework.validation.BindingResult,org.springframework.ui.ModelMap)
2017-12-26 23:00:19.327  INFO 2520 --- [main] s.w.s.m.m.a.RequestMappingHandlerMapping : Mapped "{[/edit-card-{login}],methods=[GET]}" onto public java.lang.String strilets.controller.AppController.editCard(java.lang.String,org.springframework.ui.ModelMap)
2017-12-26 23:00:19.328  INFO 2520 --- [main] s.w.s.m.m.a.RequestMappingHandlerMapping : Mapped "{[/{login}],methods=[GET]}" onto public java.lang.String strilets.controller.AppController.viewCard(java.lang.String,org.springframework.ui.ModelMap)
2017-12-26 23:00:19.330  INFO 2520 --- [main] s.w.s.m.m.a.RequestMappingHandlerMapping : Mapped "{[/list-cards],methods=[GET]}" onto public java.lang.String strilets.controller.AppController.listCards(org.springframework.ui.ModelMap)
2017-12-26 23:00:19.331  INFO 2520 --- [main] s.w.s.m.m.a.RequestMappingHandlerMapping : Mapped "{[/list-cards],methods=[POST]}" onto public java.lang.String strilets.controller.AppController.searchCards(strilets.model.Search,org.springframework.ui.ModelMap)
2017-12-26 23:00:19.333  INFO 2520 --- [main] s.w.s.m.m.a.RequestMappingHandlerMapping : Mapped "{[/edit-card-{login}],methods=[POST]}" onto public java.lang.String strilets.controller.AppController.updateCard(strilets.model.Card,org.springframework.validation.BindingResult,org.springframework.ui.ModelMap,java.lang.String) throws java.io.IOException
2017-12-26 23:00:19.336  INFO 2520 --- [main] s.w.s.m.m.a.RequestMappingHandlerMapping : Mapped "{[/image-{login}]}" onto public void strilets.controller.AppController.getUserImage(javax.servlet.http.HttpServletResponse,java.lang.String) throws java.io.IOException
2017-12-26 23:00:19.338  INFO 2520 --- [main] s.w.s.m.m.a.RequestMappingHandlerMapping : Mapped "{[/delete-card-{login}],methods=[GET]}" onto public java.lang.String strilets.controller.AppController.deleteUser(java.lang.String)
2017-12-26 23:00:19.339  INFO 2520 --- [main] s.w.s.m.m.a.RequestMappingHandlerMapping : Mapped "{[/delete-image-{login}],methods=[GET]}" onto public java.lang.String strilets.controller.AppController.deleteUmage(java.lang.String)
2017-12-26 23:00:19.341  INFO 2520 --- [main] s.w.s.m.m.a.RequestMappingHandlerMapping : Mapped "{[/access_denied]}" onto public java.lang.String strilets.controller.AppController.accessDeniedPage()
2017-12-26 23:00:19.342  INFO 2520 --- [main] s.w.s.m.m.a.RequestMappingHandlerMapping : Mapped "{[/login],methods=[GET]}" onto public java.lang.String strilets.controller.AppController.loginPage()
2017-12-26 23:00:19.344  INFO 2520 --- [main] s.w.s.m.m.a.RequestMappingHandlerMapping : Mapped "{[/logout],methods=[GET]}" onto public java.lang.String strilets.controller.AppController.logoutPage(javax.servlet.http.HttpServletRequest,javax.servlet.http.HttpServletResponse)
2017-12-26 23:00:19.421  INFO 2520 --- [main] s.w.s.m.m.a.RequestMappingHandlerMapping : Mapped "{[/error]}" onto public org.springframework.http.ResponseEntity<java.util.Map<java.lang.String, java.lang.Object>> org.springframework.boot.autoconfigure.web.BasicErrorController.error(javax.servlet.http.HttpServletRequest)
2017-12-26 23:00:19.423  INFO 2520 --- [main] s.w.s.m.m.a.RequestMappingHandlerMapping : Mapped "{[/error],produces=[text/html]}" onto public org.springframework.web.servlet.ModelAndView org.springframework.boot.autoconfigure.web.BasicErrorController.errorHtml(javax.servlet.http.HttpServletRequest,javax.servlet.http.HttpServletResponse)
2017-12-26 23:00:19.703  INFO 2520 --- [main] o.s.w.s.handler.SimpleUrlHandlerMapping  : Mapped URL path [/static/**] onto handler of type [class org.springframework.web.servlet.resource.ResourceHttpRequestHandler]
2017-12-26 23:00:19.930  INFO 2520 --- [main] s.w.s.m.m.a.RequestMappingHandlerAdapter : Looking for @ControllerAdvice: org.springframework.boot.context.embedded.AnnotationConfigEmbeddedWebApplicationContext@d0fbae: startup date [Tue Dec 26 22:59:57 EET 2017]; root of context hierarchy
2017-12-26 23:00:21.783  INFO 2520 --- [main] o.s.s.web.DefaultSecurityFilterChain     : Creating filter chain: org.springframework.security.web.util.matcher.AnyRequestMatcher@1, [org.springframework.security.web.context.request.async.WebAsyncManagerIntegrationFilter@6394ed, org.springframework.security.web.context.SecurityContextPersistenceFilter@d388f5, org.springframework.security.web.header.HeaderWriterFilter@15bd362, org.springframework.security.web.csrf.CsrfFilter@f336fd, org.springframework.security.web.authentication.logout.LogoutFilter@7e962d, org.springframework.security.web.authentication.UsernamePasswordAuthenticationFilter@1f295b6, org.springframework.security.web.savedrequest.RequestCacheAwareFilter@d77826, org.springframework.security.web.servletapi.SecurityContextHolderAwareRequestFilter@c30dee, org.springframework.security.web.authentication.rememberme.RememberMeAuthenticationFilter@14ae8f, org.springframework.security.web.authentication.AnonymousAuthenticationFilter@4212ab, org.springframework.security.web.session.SessionManagementFilter@193ad58, org.springframework.security.web.access.ExceptionTranslationFilter@b0afd7, org.springframework.security.web.access.intercept.FilterSecurityInterceptor@7b0f6e]
2017-12-26 23:00:23.680  INFO 2520 --- [main] o.s.j.e.a.AnnotationMBeanExporter        : Registering beans for JMX exposure on startup
2017-12-26 23:00:24.387  INFO 2520 --- [main] s.b.c.e.t.TomcatEmbeddedServletContainer : Tomcat started on port(s): 8080 (http)
2017-12-26 23:00:24.427  INFO 2520 --- [main] s.InternetVisitingCardApplication        : Started InternetVisitingCardApplication in 29.281 seconds (JVM running for 37.118)
2017-12-26 23:00:29.090  INFO 2520 --- [http-nio-8080-exec-1] o.a.c.c.C.[Tomcat].[localhost].[/]       : Initializing Spring FrameworkServlet 'dispatcherServlet'
2017-12-26 23:00:29.092  INFO 2520 --- [http-nio-8080-exec-1] o.s.web.servlet.DispatcherServlet        : FrameworkServlet 'dispatcherServlet': initialization started
2017-12-26 23:00:29.213  INFO 2520 --- [http-nio-8080-exec-1] o.s.web.servlet.DispatcherServlet        : FrameworkServlet 'dispatcherServlet': initialization completed in 120 ms
2017-12-26 23:00:50.237  INFO 2520 --- [http-nio-8080-exec-6] strilets.dao.UserDaoImpl                 : Get user login : admin
2017-12-26 23:00:50.462  INFO 2520 --- [http-nio-8080-exec-6] strilets.dao.UserDaoImpl                 : Get user login : admin
2017-12-26 23:00:50.650  INFO 2520 --- [http-nio-8080-exec-7] strilets.dao.UserDaoImpl                 : Get user login : user
2017-12-26 23:00:50.748  INFO 2520 --- [http-nio-8080-exec-8] strilets.dao.UserDaoImpl                 : Get user login : pingvin
2017-12-26 23:00:50.811  INFO 2520 --- [http-nio-8080-exec-7] strilets.dao.UserDaoImpl                 : Get user login : user
2017-12-26 23:00:51.046  INFO 2520 --- [http-nio-8080-exec-8] strilets.dao.UserDaoImpl                 : Get user login : pingvin
2017-12-26 23:02:17.024  INFO 2520 --- [RMI TCP Connection(2)-127.0.0.1] inMXBeanRegistrar$SpringApplicationAdmin : Application shutdown requested.
2017-12-26 23:02:17.026  INFO 2520 --- [RMI TCP Connection(2)-127.0.0.1] ationConfigEmbeddedWebApplicationContext : Closing org.springframework.boot.context.embedded.AnnotationConfigEmbeddedWebApplicationContext@d0fbae: startup date [Tue Dec 26 22:59:57 EET 2017]; root of context hierarchy
2017-12-26 23:02:17.045  INFO 2520 --- [RMI TCP Connection(2)-127.0.0.1] o.s.j.e.a.AnnotationMBeanExporter        : Unregistering JMX-exposed beans on shutdown
2017-12-26 23:04:45.870  INFO 1296 --- [main] s.InternetVisitingCardApplication        : Starting InternetVisitingCardApplication on Misha-PC with PID 1296 (D:\Job\Projects\InternetVisitingCard\target\classes started by Misha in D:\Job\Projects\InternetVisitingCard)
2017-12-26 23:04:45.883  INFO 1296 --- [main] s.InternetVisitingCardApplication        : No active profile set, falling back to default profiles: default
2017-12-26 23:04:46.197  INFO 1296 --- [main] ationConfigEmbeddedWebApplicationContext : Refreshing org.springframework.boot.context.embedded.AnnotationConfigEmbeddedWebApplicationContext@d0fbae: startup date [Tue Dec 26 23:04:46 EET 2017]; root of context hierarchy
2017-12-26 23:04:51.217  INFO 1296 --- [main] s.b.c.e.t.TomcatEmbeddedServletContainer : Tomcat initialized with port(s): 8080 (http)
2017-12-26 23:04:51.264  INFO 1296 --- [main] o.apache.catalina.core.StandardService   : Starting service [Tomcat]
2017-12-26 23:04:51.266  INFO 1296 --- [main] org.apache.catalina.core.StandardEngine  : Starting Servlet Engine: Apache Tomcat/8.5.16
2017-12-26 23:04:51.843  INFO 1296 --- [localhost-startStop-1] org.apache.jasper.servlet.TldScanner     : At least one JAR was scanned for TLDs yet contained no TLDs. Enable debug logging for this logger for a complete list of JARs that were scanned but no TLDs were found in them. Skipping unneeded JARs during scanning can improve startup time and JSP compilation time.
2017-12-26 23:04:51.853  INFO 1296 --- [localhost-startStop-1] o.a.c.c.C.[Tomcat].[localhost].[/]       : Initializing Spring embedded WebApplicationContext
2017-12-26 23:04:51.853  INFO 1296 --- [localhost-startStop-1] o.s.web.context.ContextLoader            : Root WebApplicationContext: initialization completed in 5670 ms
2017-12-26 23:04:52.187  INFO 1296 --- [localhost-startStop-1] o.s.b.w.servlet.FilterRegistrationBean   : Mapping filter: 'characterEncodingFilter' to: [/*]
2017-12-26 23:04:52.190  INFO 1296 --- [localhost-startStop-1] .s.DelegatingFilterProxyRegistrationBean : Mapping filter: 'springSecurityFilterChain' to: [/*]
2017-12-26 23:04:52.192  INFO 1296 --- [localhost-startStop-1] o.s.b.w.servlet.ServletRegistrationBean  : Mapping servlet: 'dispatcherServlet' to [/]
2017-12-26 23:04:52.375  INFO 1296 --- [main] o.s.j.d.DriverManagerDataSource          : Loaded JDBC driver: com.mysql.jdbc.Driver
2017-12-26 23:04:53.083  INFO 1296 --- [main] o.s.jdbc.datasource.init.ScriptUtils     : Executing SQL script from URL [file:/D:/Job/Projects/InternetVisitingCard/target/classes/schema.sql]
2017-12-26 23:04:53.138  INFO 1296 --- [main] o.s.jdbc.datasource.init.ScriptUtils     : Executed SQL script from URL [file:/D:/Job/Projects/InternetVisitingCard/target/classes/schema.sql] in 54 ms.
2017-12-26 23:04:53.414  INFO 1296 --- [main] org.hibernate.Version                    : HHH000412: Hibernate Core {5.0.12.Final}
2017-12-26 23:04:53.420  INFO 1296 --- [main] org.hibernate.cfg.Environment            : HHH000206: hibernate.properties not found
2017-12-26 23:04:53.423  INFO 1296 --- [main] org.hibernate.cfg.Environment            : HHH000021: Bytecode provider name : javassist
2017-12-26 23:04:53.527  INFO 1296 --- [main] o.hibernate.annotations.common.Version   : HCANN000001: Hibernate Commons Annotations {5.0.1.Final}
2017-12-26 23:04:53.848  INFO 1296 --- [main] org.hibernate.dialect.Dialect            : HHH000400: Using dialect: org.hibernate.dialect.MySQLDialect
2017-12-26 23:04:55.984  INFO 1296 --- [main] o.s.o.h.HibernateTransactionManager      : Using DataSource [org.springframework.jdbc.datasource.DriverManagerDataSource@b0ae1b] of Hibernate SessionFactory for HibernateTransactionManager
2017-12-26 23:04:56.110  INFO 1296 --- [main] s.w.s.m.m.a.RequestMappingHandlerMapping : Mapped "{[/]}" onto java.lang.String strilets.controller.AppController.index()
2017-12-26 23:04:56.112  INFO 1296 --- [main] s.w.s.m.m.a.RequestMappingHandlerMapping : Mapped "{[/registration-user],methods=[GET]}" onto public java.lang.String strilets.controller.AppController.newUser(org.springframework.ui.ModelMap)
2017-12-26 23:04:56.113  INFO 1296 --- [main] s.w.s.m.m.a.RequestMappingHandlerMapping : Mapped "{[/registration-user],methods=[POST]}" onto public java.lang.String strilets.controller.AppController.saveUser(strilets.model.User,org.springframework.validation.BindingResult,org.springframework.ui.ModelMap)
2017-12-26 23:04:56.114  INFO 1296 --- [main] s.w.s.m.m.a.RequestMappingHandlerMapping : Mapped "{[/edit-card-{login}],methods=[GET]}" onto public java.lang.String strilets.controller.AppController.editCard(java.lang.String,org.springframework.ui.ModelMap)
2017-12-26 23:04:56.115  INFO 1296 --- [main] s.w.s.m.m.a.RequestMappingHandlerMapping : Mapped "{[/{login}],methods=[GET]}" onto public java.lang.String strilets.controller.AppController.viewCard(java.lang.String,org.springframework.ui.ModelMap)
2017-12-26 23:04:56.116  INFO 1296 --- [main] s.w.s.m.m.a.RequestMappingHandlerMapping : Mapped "{[/list-cards],methods=[GET]}" onto public java.lang.String strilets.controller.AppController.listCards(org.springframework.ui.ModelMap)
2017-12-26 23:04:56.116  INFO 1296 --- [main] s.w.s.m.m.a.RequestMappingHandlerMapping : Mapped "{[/list-cards],methods=[POST]}" onto public java.lang.String strilets.controller.AppController.searchCards(strilets.model.Search,org.springframework.ui.ModelMap)
2017-12-26 23:04:56.117  INFO 1296 --- [main] s.w.s.m.m.a.RequestMappingHandlerMapping : Mapped "{[/edit-card-{login}],methods=[POST]}" onto public java.lang.String strilets.controller.AppController.updateCard(strilets.model.Card,org.springframework.validation.BindingResult,org.springframework.ui.ModelMap,java.lang.String) throws java.io.IOException
2017-12-26 23:04:56.117  INFO 1296 --- [main] s.w.s.m.m.a.RequestMappingHandlerMapping : Mapped "{[/image-{login}]}" onto public void strilets.controller.AppController.getUserImage(javax.servlet.http.HttpServletResponse,java.lang.String) throws java.io.IOException
2017-12-26 23:04:56.118  INFO 1296 --- [main] s.w.s.m.m.a.RequestMappingHandlerMapping : Mapped "{[/delete-card-{login}],methods=[GET]}" onto public java.lang.String strilets.controller.AppController.deleteUser(java.lang.String)
2017-12-26 23:04:56.118  INFO 1296 --- [main] s.w.s.m.m.a.RequestMappingHandlerMapping : Mapped "{[/delete-image-{login}],methods=[GET]}" onto public java.lang.String strilets.controller.AppController.deleteUmage(java.lang.String)
2017-12-26 23:04:56.119  INFO 1296 --- [main] s.w.s.m.m.a.RequestMappingHandlerMapping : Mapped "{[/access_denied]}" onto public java.lang.String strilets.controller.AppController.accessDeniedPage()
2017-12-26 23:04:56.119  INFO 1296 --- [main] s.w.s.m.m.a.RequestMappingHandlerMapping : Mapped "{[/login],methods=[GET]}" onto public java.lang.String strilets.controller.AppController.loginPage()
2017-12-26 23:04:56.120  INFO 1296 --- [main] s.w.s.m.m.a.RequestMappingHandlerMapping : Mapped "{[/logout],methods=[GET]}" onto public java.lang.String strilets.controller.AppController.logoutPage(javax.servlet.http.HttpServletRequest,javax.servlet.http.HttpServletResponse)
2017-12-26 23:04:56.143  INFO 1296 --- [main] s.w.s.m.m.a.RequestMappingHandlerMapping : Mapped "{[/error]}" onto public org.springframework.http.ResponseEntity<java.util.Map<java.lang.String, java.lang.Object>> org.springframework.boot.autoconfigure.web.BasicErrorController.error(javax.servlet.http.HttpServletRequest)
2017-12-26 23:04:56.144  INFO 1296 --- [main] s.w.s.m.m.a.RequestMappingHandlerMapping : Mapped "{[/error],produces=[text/html]}" onto public org.springframework.web.servlet.ModelAndView org.springframework.boot.autoconfigure.web.BasicErrorController.errorHtml(javax.servlet.http.HttpServletRequest,javax.servlet.http.HttpServletResponse)
2017-12-26 23:04:56.239  INFO 1296 --- [main] o.s.w.s.handler.SimpleUrlHandlerMapping  : Mapped URL path [/static/**] onto handler of type [class org.springframework.web.servlet.resource.ResourceHttpRequestHandler]
2017-12-26 23:04:56.325  INFO 1296 --- [main] s.w.s.m.m.a.RequestMappingHandlerAdapter : Looking for @ControllerAdvice: org.springframework.boot.context.embedded.AnnotationConfigEmbeddedWebApplicationContext@d0fbae: startup date [Tue Dec 26 23:04:46 EET 2017]; root of context hierarchy
2017-12-26 23:04:57.004  INFO 1296 --- [main] o.s.s.web.DefaultSecurityFilterChain     : Creating filter chain: org.springframework.security.web.util.matcher.AnyRequestMatcher@1, [org.springframework.security.web.context.request.async.WebAsyncManagerIntegrationFilter@224df5, org.springframework.security.web.context.SecurityContextPersistenceFilter@1e79d43, org.springframework.security.web.header.HeaderWriterFilter@7a12b6, org.springframework.security.web.csrf.CsrfFilter@e0cc89, org.springframework.security.web.authentication.logout.LogoutFilter@1dad32f, org.springframework.security.web.authentication.UsernamePasswordAuthenticationFilter@196b249, org.springframework.security.web.savedrequest.RequestCacheAwareFilter@1a07bf6, org.springframework.security.web.servletapi.SecurityContextHolderAwareRequestFilter@1a7fedf, org.springframework.security.web.authentication.rememberme.RememberMeAuthenticationFilter@2ee49c, org.springframework.security.web.authentication.AnonymousAuthenticationFilter@456db0, org.springframework.security.web.session.SessionManagementFilter@f7e376, org.springframework.security.web.access.ExceptionTranslationFilter@13ff859, org.springframework.security.web.access.intercept.FilterSecurityInterceptor@28fee1]
2017-12-26 23:04:57.886  INFO 1296 --- [main] o.s.j.e.a.AnnotationMBeanExporter        : Registering beans for JMX exposure on startup
2017-12-26 23:04:58.057  INFO 1296 --- [main] s.b.c.e.t.TomcatEmbeddedServletContainer : Tomcat started on port(s): 8080 (http)
2017-12-26 23:04:58.068  INFO 1296 --- [main] s.InternetVisitingCardApplication        : Started InternetVisitingCardApplication in 13.798 seconds (JVM running for 17.585)
2017-12-26 23:05:54.694  INFO 1296 --- [http-nio-8080-exec-1] o.a.c.c.C.[Tomcat].[localhost].[/]       : Initializing Spring FrameworkServlet 'dispatcherServlet'
2017-12-26 23:05:54.696  INFO 1296 --- [http-nio-8080-exec-1] o.s.web.servlet.DispatcherServlet        : FrameworkServlet 'dispatcherServlet': initialization started
2017-12-26 23:05:54.833  INFO 1296 --- [http-nio-8080-exec-1] o.s.web.servlet.DispatcherServlet        : FrameworkServlet 'dispatcherServlet': initialization completed in 136 ms
2017-12-26 23:06:08.093  INFO 1296 --- [http-nio-8080-exec-5] strilets.dao.UserDaoImpl                 : Get user login : admin
2017-12-26 23:06:08.243  INFO 1296 --- [http-nio-8080-exec-6] strilets.dao.UserDaoImpl                 : Get user login : user
2017-12-26 23:06:08.297  INFO 1296 --- [http-nio-8080-exec-7] strilets.dao.UserDaoImpl                 : Get user login : pingvin
2017-12-26 23:06:08.324  INFO 1296 --- [http-nio-8080-exec-5] strilets.dao.UserDaoImpl                 : Get user login : admin
2017-12-26 23:06:08.504  INFO 1296 --- [http-nio-8080-exec-6] strilets.dao.UserDaoImpl                 : Get user login : user
2017-12-26 23:06:08.659  INFO 1296 --- [http-nio-8080-exec-7] strilets.dao.UserDaoImpl                 : Get user login : pingvin
2017-12-26 23:06:19.250  INFO 1296 --- [http-nio-8080-exec-7] strilets.dao.UserDaoImpl                 : Get user login : admin
2017-12-26 23:06:19.447  INFO 1296 --- [http-nio-8080-exec-5] strilets.dao.UserDaoImpl                 : Get user login : user
2017-12-26 23:06:19.588  INFO 1296 --- [http-nio-8080-exec-8] strilets.dao.UserDaoImpl                 : Get user login : pingvin
2017-12-26 23:06:19.622  INFO 1296 --- [http-nio-8080-exec-5] strilets.dao.UserDaoImpl                 : Get user login : user
2017-12-26 23:06:19.988  INFO 1296 --- [http-nio-8080-exec-7] strilets.dao.UserDaoImpl                 : Get user login : admin
2017-12-26 23:06:20.228  INFO 1296 --- [http-nio-8080-exec-8] strilets.dao.UserDaoImpl                 : Get user login : pingvin
2017-12-26 23:08:24.904  INFO 1296 --- [http-nio-8080-exec-3] strilets.dao.UserDaoImpl                 : Get user login : admin
2017-12-26 23:08:25.056  INFO 1296 --- [http-nio-8080-exec-3] strilets.security.UserServiceDetail      : User : strilets.model.User@6502be
2017-12-26 23:08:25.068  INFO 1296 --- [http-nio-8080-exec-3] strilets.security.UserServiceDetail      : Card profile : strilets.model.User@6502be
2017-12-26 23:08:25.071  INFO 1296 --- [http-nio-8080-exec-3] strilets.security.UserServiceDetail      : Authorities : [ROLE_ADMIN]
2017-12-26 23:09:11.827  INFO 1296 --- [http-nio-8080-exec-9] strilets.dao.UserDaoImpl                 : Get user login : admin
2017-12-26 23:09:12.002  INFO 1296 --- [http-nio-8080-exec-9] strilets.dao.UserDaoImpl                 : Get user login : admin
2017-12-26 23:09:12.546  INFO 1296 --- [http-nio-8080-exec-10] strilets.dao.UserDaoImpl                 : Get user login : pingvin
2017-12-26 23:09:12.579  INFO 1296 --- [http-nio-8080-exec-1] strilets.dao.UserDaoImpl                 : Get user login : user
2017-12-26 23:09:12.774  INFO 1296 --- [http-nio-8080-exec-1] strilets.dao.UserDaoImpl                 : Get user login : user
2017-12-26 23:09:13.284  INFO 1296 --- [http-nio-8080-exec-10] strilets.dao.UserDaoImpl                 : Get user login : pingvin
2017-12-26 23:09:14.985  INFO 1296 --- [http-nio-8080-exec-2] strilets.dao.UserDaoImpl                 : Get user login : admin
2017-12-26 23:09:17.683  INFO 1296 --- [http-nio-8080-exec-5] strilets.dao.UserDaoImpl                 : Get user login : admin
2017-12-26 23:09:17.960  INFO 1296 --- [http-nio-8080-exec-5] strilets.dao.UserDaoImpl                 : Get user login : admin
2017-12-26 23:09:22.202  INFO 1296 --- [http-nio-8080-exec-1] strilets.dao.UserDaoImpl                 : Get user login : admin
2017-12-26 23:09:23.735  INFO 1296 --- [http-nio-8080-exec-10] strilets.dao.UserDaoImpl                 : Get user login : admin
2017-12-26 23:09:23.909  INFO 1296 --- [http-nio-8080-exec-10] strilets.dao.UserDaoImpl                 : Get user login : admin
2017-12-26 23:09:38.793  INFO 1296 --- [http-nio-8080-exec-6] strilets.dao.UserDaoImpl                 : Get user login : admin
2017-12-26 23:09:39.056  INFO 1296 --- [http-nio-8080-exec-6] strilets.dao.UserDaoImpl                 : Get user login : admin
2017-12-26 23:09:39.195  INFO 1296 --- [http-nio-8080-exec-7] strilets.dao.UserDaoImpl                 : Get user login : pingvin
2017-12-26 23:09:39.199  INFO 1296 --- [http-nio-8080-exec-5] strilets.dao.UserDaoImpl                 : Get user login : user
2017-12-26 23:09:39.479  INFO 1296 --- [http-nio-8080-exec-7] strilets.dao.UserDaoImpl                 : Get user login : pingvin
2017-12-26 23:09:39.499  INFO 1296 --- [http-nio-8080-exec-5] strilets.dao.UserDaoImpl                 : Get user login : user
2017-12-26 23:09:42.360  INFO 1296 --- [http-nio-8080-exec-10] strilets.dao.UserDaoImpl                 : Get user login : admin
2017-12-26 23:09:43.116  INFO 1296 --- [http-nio-8080-exec-4] strilets.dao.UserDaoImpl                 : Get user login : admin
2017-12-26 23:09:43.334  INFO 1296 --- [http-nio-8080-exec-4] strilets.dao.UserDaoImpl                 : Get user login : admin
2017-12-26 23:09:45.728  INFO 1296 --- [http-nio-8080-exec-2] strilets.dao.UserDaoImpl                 : Get user login : admin
2017-12-26 23:09:46.188  INFO 1296 --- [http-nio-8080-exec-7] strilets.dao.UserDaoImpl                 : Get user login : admin
2017-12-26 23:09:46.334  INFO 1296 --- [http-nio-8080-exec-7] strilets.dao.UserDaoImpl                 : Get user login : admin
2017-12-26 23:09:52.930  INFO 1296 --- [http-nio-8080-exec-9] strilets.dao.UserDaoImpl                 : Get user login : admin
2017-12-26 23:09:53.729  INFO 1296 --- [http-nio-8080-exec-10] strilets.dao.UserDaoImpl                 : Get user login : user
2017-12-26 23:09:53.738  INFO 1296 --- [http-nio-8080-exec-3] strilets.dao.UserDaoImpl                 : Get user login : pingvin
2017-12-26 23:09:53.816  INFO 1296 --- [http-nio-8080-exec-9] strilets.dao.UserDaoImpl                 : Get user login : admin
2017-12-26 23:09:54.014  INFO 1296 --- [http-nio-8080-exec-10] strilets.dao.UserDaoImpl                 : Get user login : user
2017-12-26 23:09:54.076  INFO 1296 --- [http-nio-8080-exec-3] strilets.dao.UserDaoImpl                 : Get user login : pingvin
2017-12-26 23:09:54.936  INFO 1296 --- [http-nio-8080-exec-4] strilets.dao.UserDaoImpl                 : Get user login : admin
2017-12-26 23:09:55.437  INFO 1296 --- [http-nio-8080-exec-5] strilets.dao.UserDaoImpl                 : Get user login : admin
2017-12-26 23:09:55.548  INFO 1296 --- [http-nio-8080-exec-5] strilets.dao.UserDaoImpl                 : Get user login : admin
2017-12-26 23:09:56.594  INFO 1296 --- [http-nio-8080-exec-7] strilets.dao.UserDaoImpl                 : Get user login : admin
2017-12-26 23:09:57.012  INFO 1296 --- [http-nio-8080-exec-10] strilets.dao.UserDaoImpl                 : Get user login : admin
2017-12-26 23:09:57.148  INFO 1296 --- [http-nio-8080-exec-10] strilets.dao.UserDaoImpl                 : Get user login : admin
2017-12-26 23:10:00.438  INFO 1296 --- [http-nio-8080-exec-4] strilets.dao.TokenRepositoryImpl         : Removing token if any for user : admin
2017-12-26 23:10:05.435  INFO 1296 --- [http-nio-8080-exec-1] strilets.dao.UserDaoImpl                 : Get user login : admin
2017-12-26 23:10:05.648  INFO 1296 --- [http-nio-8080-exec-1] strilets.dao.UserDaoImpl                 : Get user login : admin
2017-12-26 23:10:05.719  INFO 1296 --- [http-nio-8080-exec-3] strilets.dao.UserDaoImpl                 : Get user login : user
2017-12-26 23:10:05.911  INFO 1296 --- [http-nio-8080-exec-9] strilets.dao.UserDaoImpl                 : Get user login : pingvin
2017-12-26 23:10:05.960  INFO 1296 --- [http-nio-8080-exec-3] strilets.dao.UserDaoImpl                 : Get user login : user
2017-12-26 23:10:06.337  INFO 1296 --- [http-nio-8080-exec-9] strilets.dao.UserDaoImpl                 : Get user login : pingvin
2017-12-26 23:10:13.355  INFO 1296 --- [http-nio-8080-exec-5] strilets.dao.UserDaoImpl                 : Get user login : admin
2017-12-26 23:10:13.886  INFO 1296 --- [http-nio-8080-exec-6] strilets.dao.UserDaoImpl                 : Get user login : admin
2017-12-26 23:10:14.096  INFO 1296 --- [http-nio-8080-exec-6] strilets.dao.UserDaoImpl                 : Get user login : admin
2017-12-26 23:10:31.463  INFO 1296 --- [RMI TCP Connection(2)-127.0.0.1] inMXBeanRegistrar$SpringApplicationAdmin : Application shutdown requested.
2017-12-26 23:10:31.467  INFO 1296 --- [RMI TCP Connection(2)-127.0.0.1] ationConfigEmbeddedWebApplicationContext : Closing org.springframework.boot.context.embedded.AnnotationConfigEmbeddedWebApplicationContext@d0fbae: startup date [Tue Dec 26 23:04:46 EET 2017]; root of context hierarchy
2017-12-26 23:10:31.500  INFO 1296 --- [RMI TCP Connection(2)-127.0.0.1] o.s.j.e.a.AnnotationMBeanExporter        : Unregistering JMX-exposed beans on shutdown
